<?xml version="1.0" encoding="UTF-8"?>
<!-- Generated by org.testng.reporters.JUnitXMLReporter -->
<testsuite ignored="1" hostname="LAPTOP-UBDPVCK8" failures="0" tests="1" name="chrome test" time="12.373" errors="0" timestamp="2023-09-04T09:16:24 IST">
  <testcase classname="com.qalegandbilling.testscript.LoginTest" name="TC_001_verifyValidLogin" time="4.462"/>
  <testcase classname="com.qalegandbilling.testscript.LoginTest" name="TC_002_verify_InvalidLogin" time="0.0">
    <ignored/>
  </testcase> <!-- TC_002_verify_InvalidLogin -->
</testsuite> <!-- chrome test -->
