<?xml version="1.0" encoding="UTF-8"?>
<!-- Generated by org.testng.reporters.JUnitXMLReporter -->
<testsuite ignored="1" hostname="LAPTOP-UBDPVCK8" failures="0" tests="3" name="edge test" time="16.934" errors="0" timestamp="2023-09-04T09:05:34 IST">
  <testcase classname="com.qalegandbilling.testscript.LoginTest" name="TC_002_verify_InvalidLogin" time="0.0">
    <skipped/>
  </testcase> <!-- TC_002_verify_InvalidLogin -->
  <testcase classname="com.qalegandbilling.testscript.LoginTest" name="TC_002_verify_InvalidLogin" time="0.001">
    <skipped/>
  </testcase> <!-- TC_002_verify_InvalidLogin -->
  <testcase classname="com.qalegandbilling.testscript.LoginTest" name="TC_002_verify_InvalidLogin" time="0.0">
    <skipped/>
  </testcase> <!-- TC_002_verify_InvalidLogin -->
  <testcase classname="com.qalegandbilling.testscript.LoginTest" name="TC_001_verifyValidLogin" time="0.0">
    <ignored/>
  </testcase> <!-- TC_001_verifyValidLogin -->
</testsuite> <!-- edge test -->
