<?xml version="1.0" encoding="UTF-8"?>
<!-- Generated by org.testng.reporters.JUnitXMLReporter -->
<testsuite ignored="1" hostname="LAPTOP-UBDPVCK8" failures="0" tests="3" name="firefox test" time="34.62" errors="0" timestamp="2023-09-04T09:16:59 IST">
  <testcase classname="com.qalegandbilling.testscript.LoginTest" name="TC_002_verify_InvalidLogin" time="1.301"/>
  <testcase classname="com.qalegandbilling.testscript.LoginTest" name="TC_002_verify_InvalidLogin" time="1.278"/>
  <testcase classname="com.qalegandbilling.testscript.LoginTest" name="TC_002_verify_InvalidLogin" time="1.086"/>
  <testcase classname="com.qalegandbilling.testscript.LoginTest" name="TC_001_verifyValidLogin" time="0.0">
    <ignored/>
  </testcase> <!-- TC_001_verifyValidLogin -->
</testsuite> <!-- firefox test -->
