<?xml version="1.0" encoding="UTF-8"?>
<!-- Generated by org.testng.reporters.JUnitXMLReporter -->
<testsuite ignored="0" hostname="LAPTOP-UBDPVCK8" failures="0" tests="4" name="parallel testing" time="27.846" errors="0" timestamp="2023-09-06T08:28:19 IST">
  <testcase classname="com.qalegandbilling.testscript.LoginTest" name="TC_001_verifyValidLogin" time="3.589"/>
  <testcase classname="com.qalegandbilling.testscript.LoginTest" name="TC_002_verify_InvalidLogin" time="1.135"/>
  <testcase classname="com.qalegandbilling.testscript.LoginTest" name="TC_002_verify_InvalidLogin" time="1.256"/>
  <testcase classname="com.qalegandbilling.testscript.LoginTest" name="TC_002_verify_InvalidLogin" time="2.153"/>
</testsuite> <!-- parallel testing -->
