<?xml version="1.0" encoding="UTF-8"?>
<!-- Generated by org.testng.reporters.JUnitXMLReporter -->
<testsuite ignored="1" hostname="LAPTOP-UBDPVCK8" failures="0" tests="1" name="parallel testing chrome" time="7.95" errors="0" timestamp="2023-09-06T08:47:12 IST">
  <testcase classname="com.qalegandbilling.testscript.LoginTest" name="TC_001_verifyValidLogin" time="3.072"/>
  <testcase classname="com.qalegandbilling.testscript.LoginTest" name="TC_002_verify_InvalidLogin" time="0.0">
    <ignored/>
  </testcase> <!-- TC_002_verify_InvalidLogin -->
</testsuite> <!-- parallel testing chrome -->
